<?xml version="1.0" encoding="UTF-8"?>
<testsuite name="NameTest" tests="1" skipped="0" failures="0" errors="0" timestamp="2024-02-20T14:54:35" hostname="HSCHO" time="0.011">
  <properties/>
  <testcase name="NullTest()" classname="NameTest" time="0.011"/>
  <system-out><![CDATA[]]></system-out>
  <system-err><![CDATA[]]></system-err>
</testsuite>
